#-----------------------------------------------------------
# xsim v2017.4 (64-bit)
# SW Build 2086221 on Fri Dec 15 20:55:39 MST 2017
# IP Build 2085800 on Fri Dec 15 22:25:07 MST 2017
# Start of session at: Tue Mar 24 19:20:03 2026
# Process ID: 25480
# Current directory: C:/Users/turker/Desktop/Submission/Simulation_Files
# Command line: xsim.exe -mode tcl -source {xsim.dir/imusim/xsim_script.tcl}
# Log file: C:/Users/turker/Desktop/Submission/Simulation_Files/xsim.log
# Journal file: C:/Users/turker/Desktop/Submission/Simulation_Files\xsim.jou
#-----------------------------------------------------------
source xsim.dir/imusim/xsim_script.tcl
# xsim {imusim} -autoloadwcfg -runall
Vivado Simulator 2017.4
Time resolution is 1 ps
run -all
------------------------------------
InstructionMemoryUnit Simulation Started
[PASS] Test No: 1, Component: MEM[h15], Actual Value: 0x0005, Expected Value: 0x0005
[PASS] Test No: 1, Component: IMUOut, Actual Value: 0x0005, Expected Value: 0x0005
[PASS] Test No: 1, Component: IROut, Actual Value: 0x2305, Expected Value: 0x2305
[PASS] Test No: 2, Component: IMUOut, Actual Value: 0x0067, Expected Value: 0x0067
[PASS] Test No: 2, Component: IROut, Actual Value: 0x0567, Expected Value: 0x0567
InstructionMemoryUnit Simulation Finished
0 Test Failed
5 Test Passed
------------------------------------
exit
INFO: [Common 17-206] Exiting xsim at Tue Mar 24 19:20:08 2026...
