#-----------------------------------------------------------
# xsim v2017.4 (64-bit)
# SW Build 2086221 on Fri Dec 15 20:55:39 MST 2017
# IP Build 2085800 on Fri Dec 15 22:25:07 MST 2017
# Start of session at: Tue Mar 24 19:19:50 2026
# Process ID: 2596
# Current directory: C:/Users/turker/Desktop/Submission/Simulation_Files
# Command line: xsim.exe -mode tcl -source {xsim.dir/insregsim/xsim_script.tcl}
# Log file: C:/Users/turker/Desktop/Submission/Simulation_Files/xsim.log
# Journal file: C:/Users/turker/Desktop/Submission/Simulation_Files\xsim.jou
#-----------------------------------------------------------
source xsim.dir/insregsim/xsim_script.tcl
# xsim {insregsim} -autoloadwcfg -runall
Vivado Simulator 2017.4
Time resolution is 1 ps
run -all
------------------------------------
InstructionRegister Simulation Started
[PASS] Test No: 1, Component: IROut, Actual Value: 0x2315, Expected Value: 0x2315
[PASS] Test No: 2, Component: IROut, Actual Value: 0x1567, Expected Value: 0x1567
InstructionRegister Simulation Finished
0 Test Failed
2 Test Passed
------------------------------------
exit
INFO: [Common 17-206] Exiting xsim at Tue Mar 24 19:19:55 2026...
