#-----------------------------------------------------------
# xsim v2017.4 (64-bit)
# SW Build 2086221 on Fri Dec 15 20:55:39 MST 2017
# IP Build 2085800 on Fri Dec 15 22:25:07 MST 2017
# Start of session at: Tue Mar 24 19:20:29 2026
# Process ID: 23216
# Current directory: C:/Users/turker/Desktop/Submission/Simulation_Files
# Command line: xsim.exe -mode tcl -source {xsim.dir/dmusim/xsim_script.tcl}
# Log file: C:/Users/turker/Desktop/Submission/Simulation_Files/xsim.log
# Journal file: C:/Users/turker/Desktop/Submission/Simulation_Files\xsim.jou
#-----------------------------------------------------------
source xsim.dir/dmusim/xsim_script.tcl
# xsim {dmusim} -autoloadwcfg -runall
Vivado Simulator 2017.4
Time resolution is 1 ps
run -all
------------------------------------
DataMemoryUnit Simulation Started
[PASS] Test No: 1, Component: MEM[h15], Actual Value: 0x0007, Expected Value: 0x0007
[PASS] Test No: 1, Component: DMUOut, Actual Value: 0x2307, Expected Value: 0x2307
[PASS] Test No: 2, Component: DMUOut, Actual Value: 0x0767, Expected Value: 0x0767
DataMemoryUnit Simulation Finished
0 Test Failed
3 Test Passed
------------------------------------
exit
INFO: [Common 17-206] Exiting xsim at Tue Mar 24 19:20:34 2026...
